<?xml version="1.0" encoding="UTF-8"?>
<!-- Generated by org.testng.reporters.JUnitReportReporter -->
<testsuite hostname="Akash" failures="0" tests="1" name="runner.TestRunner" time="28.280" errors="0" timestamp="2025-02-06T01:31:02 IST" skipped="0">
  <testcase classname="runner.TestRunner" name="runScenario" time="28.280"/>
</testsuite> <!-- runner.TestRunner -->
